<?xml version="1.0" encoding="UTF-8"?>
<testng-results ignored="0" total="3" passed="3" failed="0" skipped="0">
  <reporter-output>
  </reporter-output>
  <suite started-at="2024-08-23T15:01:25 IST" name="Suite" finished-at="2024-08-23T15:02:37 IST" duration-ms="71578">
    <groups>
    </groups>
    <test started-at="2024-08-23T15:01:25 IST" name="Test" finished-at="2024-08-23T15:02:37 IST" duration-ms="71578">
      <class name="tests.Test2">
        <test-method is-config="true" signature="initializeTest()[pri:0, instance:tests.Test2@2a265ea9]" started-at="2024-08-23T15:02:15 IST" name="initializeTest" finished-at="2024-08-23T15:02:23 IST" duration-ms="8202" status="PASS">
          <reporter-output>
          </reporter-output>
        </test-method> <!-- initializeTest -->
        <test-method signature="invalid_login_test()[pri:0, instance:tests.Test2@2a265ea9]" started-at="2024-08-23T15:02:23 IST" name="invalid_login_test" finished-at="2024-08-23T15:02:24 IST" duration-ms="1255" status="PASS">
          <reporter-output>
          </reporter-output>
        </test-method> <!-- invalid_login_test -->
        <test-method is-config="true" signature="breakdown()[pri:0, instance:tests.Test2@2a265ea9]" started-at="2024-08-23T15:02:24 IST" name="breakdown" finished-at="2024-08-23T15:02:26 IST" duration-ms="1993" status="PASS">
          <reporter-output>
          </reporter-output>
        </test-method> <!-- breakdown -->
      </class> <!-- tests.Test2 -->
      <class name="tests.Test1">
        <test-method is-config="true" signature="initializeTest()[pri:0, instance:tests.Test1@f0c8a99]" started-at="2024-08-23T15:01:26 IST" name="initializeTest" finished-at="2024-08-23T15:02:09 IST" duration-ms="43347" status="PASS">
          <reporter-output>
          </reporter-output>
        </test-method> <!-- initializeTest -->
        <test-method signature="valid_login_test()[pri:0, instance:tests.Test1@f0c8a99]" started-at="2024-08-23T15:02:09 IST" name="valid_login_test" finished-at="2024-08-23T15:02:13 IST" duration-ms="3590" status="PASS">
          <reporter-output>
          </reporter-output>
        </test-method> <!-- valid_login_test -->
        <test-method is-config="true" signature="breakdown()[pri:0, instance:tests.Test1@f0c8a99]" started-at="2024-08-23T15:02:13 IST" name="breakdown" finished-at="2024-08-23T15:02:15 IST" duration-ms="2131" status="PASS">
          <reporter-output>
          </reporter-output>
        </test-method> <!-- breakdown -->
      </class> <!-- tests.Test1 -->
      <class name="tests.Test3">
        <test-method is-config="true" signature="initializeTest()[pri:0, instance:tests.Test3@11392934]" started-at="2024-08-23T15:02:26 IST" name="initializeTest" finished-at="2024-08-23T15:02:34 IST" duration-ms="7851" status="PASS">
          <reporter-output>
          </reporter-output>
        </test-method> <!-- initializeTest -->
        <test-method signature="empty_login()[pri:0, instance:tests.Test3@11392934]" started-at="2024-08-23T15:02:34 IST" name="empty_login" finished-at="2024-08-23T15:02:35 IST" duration-ms="869" status="PASS">
          <reporter-output>
          </reporter-output>
        </test-method> <!-- empty_login -->
        <test-method is-config="true" signature="breakdown()[pri:0, instance:tests.Test3@11392934]" started-at="2024-08-23T15:02:35 IST" name="breakdown" finished-at="2024-08-23T15:02:37 IST" duration-ms="1850" status="PASS">
          <reporter-output>
          </reporter-output>
        </test-method> <!-- breakdown -->
      </class> <!-- tests.Test3 -->
    </test> <!-- Test -->
  </suite> <!-- Suite -->
</testng-results>
